# JRE version: OpenJDK Runtime Environment (8.0_112-b06) (build 1.8.0_112-release-b06)
# Java VM: OpenJDK 64-Bit Server VM (25.112-b06 mixed mode windows-amd64 compressed oops)
Heap:
 PSYoungGen      total 354304K, used 31732K [0x00000000e0000000, 0x00000000fa380000, 0x0000000100000000)
  eden space 322560K, 0% used [0x00000000e0000000,0x00000000e0000000,0x00000000f3b00000)
  from space 31744K, 99% used [0x00000000f6900000,0x00000000f87fd008,0x00000000f8800000)
  to   space 47104K, 0% used [0x00000000f3b00000,0x00000000f3b00000,0x00000000f6900000)
 ParOldGen       total 110080K, used 90605K [0x00000000a0000000, 0x00000000a6b80000, 0x00000000e0000000)
  object space 110080K, 82% used [0x00000000a0000000,0x00000000a587b410,0x00000000a6b80000)
 Metaspace       used 75878K, capacity 79518K, committed 79616K, reserved 1118208K
  class space    used 9976K, capacity 10734K, committed 10752K, reserved 1048576K
GC Heap History (10 events):
Event: 1693.270 GC heap after
Heap after GC invocations=27 (full 3):
 PSYoungGen      total 297984K, used 16368K [0x00000000e0000000, 0x00000000f4180000, 0x0000000100000000)
  eden space 281600K, 0% used [0x00000000e0000000,0x00000000e0000000,0x00000000f1300000)
  from space 16384K, 99% used [0x00000000f2a00000,0x00000000f39fc100,0x00000000f3a00000)
  to   space 23552K, 0% used [0x00000000f1300000,0x00000000f1300000,0x00000000f2a00000)
 ParOldGen       total 110080K, used 57169K [0x00000000a0000000, 0x00000000a6b80000, 0x00000000e0000000)
  object space 110080K, 51% used [0x00000000a0000000,0x00000000a37d4598,0x00000000a6b80000)
 Metaspace       used 63603K, capacity 66288K, committed 66560K, reserved 1105920K
  class space    used 8563K, capacity 9163K, committed 9216K, reserved 1048576K
}
Event: 1722.214 GC heap before
{Heap before GC invocations=28 (full 3):
 PSYoungGen      total 297984K, used 297968K [0x00000000e0000000, 0x00000000f4180000, 0x0000000100000000)
  eden space 281600K, 100% used [0x00000000e0000000,0x00000000f1300000,0x00000000f1300000)
  from space 16384K, 99% used [0x00000000f2a00000,0x00000000f39fc100,0x00000000f3a00000)
  to   space 23552K, 0% used [0x00000000f1300000,0x00000000f1300000,0x00000000f2a00000)
 ParOldGen       total 110080K, used 57169K [0x00000000a0000000, 0x00000000a6b80000, 0x00000000e0000000)
  object space 110080K, 51% used [0x00000000a0000000,0x00000000a37d4598,0x00000000a6b80000)
 Metaspace       used 68719K, capacity 71998K, committed 72192K, reserved 1112064K
  class space    used 9187K, capacity 9863K, committed 9984K, reserved 1048576K
Event: 1722.253 GC heap after
Heap after GC invocations=28 (full 3):
 PSYoungGen      total 305152K, used 19579K [0x00000000e0000000, 0x00000000f6680000, 0x0000000100000000)
  eden space 281600K, 0% used [0x00000000e0000000,0x00000000e0000000,0x00000000f1300000)
  from space 23552K, 83% used [0x00000000f1300000,0x00000000f261edc8,0x00000000f2a00000)
  to   space 26112K, 0% used [0x00000000f4d00000,0x00000000f4d00000,0x00000000f6680000)
 ParOldGen       total 110080K, used 62889K [0x00000000a0000000, 0x00000000a6b80000, 0x00000000e0000000)
  object space 110080K, 57% used [0x00000000a0000000,0x00000000a3d6a638,0x00000000a6b80000)
 Metaspace       used 68719K, capacity 71998K, committed 72192K, reserved 1112064K
  class space    used 9187K, capacity 9863K, committed 9984K, reserved 1048576K
}
Event: 6524.750 GC heap before
{Heap before GC invocations=29 (full 3):
 PSYoungGen      total 305152K, used 301179K [0x00000000e0000000, 0x00000000f6680000, 0x0000000100000000)
  eden space 281600K, 100% used [0x00000000e0000000,0x00000000f1300000,0x00000000f1300000)
  from space 23552K, 83% used [0x00000000f1300000,0x00000000f261edc8,0x00000000f2a00000)
  to   space 26112K, 0% used [0x00000000f4d00000,0x00000000f4d00000,0x00000000f6680000)
 ParOldGen       total 110080K, used 62889K [0x00000000a0000000, 0x00000000a6b80000, 0x00000000e0000000)
  object space 110080K, 57% used [0x00000000a0000000,0x00000000a3d6a638,0x00000000a6b80000)
 Metaspace       used 69511K, capacity 73066K, committed 73216K, reserved 1112064K
  class space    used 9262K, capacity 9959K, committed 9984K, reserved 1048576K
Event: 6524.831 GC heap after
Heap after GC invocations=29 (full 3):
 PSYoungGen      total 332800K, used 19052K [0x00000000e0000000, 0x00000000f6400000, 0x0000000100000000)
  eden space 309248K, 0% used [0x00000000e0000000,0x00000000e0000000,0x00000000f2e00000)
  from space 23552K, 80% used [0x00000000f4d00000,0x00000000f5f9b338,0x00000000f6400000)
  to   space 27648K, 0% used [0x00000000f2e00000,0x00000000f2e00000,0x00000000f4900000)
 ParOldGen       total 110080K, used 62897K [0x00000000a0000000, 0x00000000a6b80000, 0x00000000e0000000)
  object space 110080K, 57% used [0x00000000a0000000,0x00000000a3d6c638,0x00000000a6b80000)
 Metaspace       used 69511K, capacity 73066K, committed 73216K, reserved 1112064K
  class space    used 9262K, capacity 9959K, committed 9984K, reserved 1048576K
}
Event: 6527.409 GC heap before
{Heap before GC invocations=30 (full 3):
 PSYoungGen      total 332800K, used 328300K [0x00000000e0000000, 0x00000000f6400000, 0x0000000100000000)
  eden space 309248K, 100% used [0x00000000e0000000,0x00000000f2e00000,0x00000000f2e00000)
  from space 23552K, 80% used [0x00000000f4d00000,0x00000000f5f9b338,0x00000000f6400000)
  to   space 27648K, 0% used [0x00000000f2e00000,0x00000000f2e00000,0x00000000f4900000)
 ParOldGen       total 110080K, used 62897K [0x00000000a0000000, 0x00000000a6b80000, 0x00000000e0000000)
  object space 110080K, 57% used [0x00000000a0000000,0x00000000a3d6c638,0x00000000a6b80000)
 Metaspace       used 69595K, capacity 73152K, committed 73216K, reserved 1112064K
  class space    used 9264K, capacity 9962K, committed 9984K, reserved 1048576K
Event: 6527.431 GC heap after
Heap after GC invocations=30 (full 3):
 PSYoungGen      total 336896K, used 26260K [0x00000000e0000000, 0x00000000f8800000, 0x0000000100000000)
  eden space 309248K, 0% used [0x00000000e0000000,0x00000000e0000000,0x00000000f2e00000)
  from space 27648K, 94% used [0x00000000f2e00000,0x00000000f47a53e0,0x00000000f4900000)
  to   space 31744K, 0% used [0x00000000f6900000,0x00000000f6900000,0x00000000f8800000)
 ParOldGen       total 110080K, used 62905K [0x00000000a0000000, 0x00000000a6b80000, 0x00000000e0000000)
  object space 110080K, 57% used [0x00000000a0000000,0x00000000a3d6e638,0x00000000a6b80000)
 Metaspace       used 69595K, capacity 73152K, committed 73216K, reserved 1112064K
  class space    used 9264K, capacity 9962K, committed 9984K, reserved 1048576K
}
Event: 6540.037 GC heap before
{Heap before GC invocations=31 (full 3):
 PSYoungGen      total 336896K, used 335508K [0x00000000e0000000, 0x00000000f8800000, 0x0000000100000000)
  eden space 309248K, 100% used [0x00000000e0000000,0x00000000f2e00000,0x00000000f2e00000)
  from space 27648K, 94% used [0x00000000f2e00000,0x00000000f47a53e0,0x00000000f4900000)
  to   space 31744K, 0% used [0x00000000f6900000,0x00000000f6900000,0x00000000f8800000)
 ParOldGen       total 110080K, used 62905K [0x00000000a0000000, 0x00000000a6b80000, 0x00000000e0000000)
  object space 110080K, 57% used [0x00000000a0000000,0x00000000a3d6e638,0x00000000a6b80000)
 Metaspace       used 75878K, capacity 79518K, committed 79616K, reserved 1118208K
  class space    used 9976K, capacity 10734K, committed 10752K, reserved 1048576K
Event: 6540.100 GC heap after
Heap after GC invocations=31 (full 3):
 PSYoungGen      total 354304K, used 31732K [0x00000000e0000000, 0x00000000fa380000, 0x0000000100000000)
  eden space 322560K, 0% used [0x00000000e0000000,0x00000000e0000000,0x00000000f3b00000)
  from space 31744K, 99% used [0x00000000f6900000,0x00000000f87fd008,0x00000000f8800000)
  to   space 47104K, 0% used [0x00000000f3b00000,0x00000000f3b00000,0x00000000f6900000)
 ParOldGen       total 110080K, used 90605K [0x00000000a0000000, 0x00000000a6b80000, 0x00000000e0000000)
  object space 110080K, 82% used [0x00000000a0000000,0x00000000a587b410,0x00000000a6b80000)
 Metaspace       used 75878K, capacity 79518K, committed 79616K, reserved 1118208K
  class space    used 9976K, capacity 10734K, committed 10752K, reserved 1048576K
}
Event: 6540.100 GC heap before
{Heap before GC invocations=32 (full 4):
 PSYoungGen      total 354304K, used 31732K [0x00000000e0000000, 0x00000000fa380000, 0x0000000100000000)
  eden space 322560K, 0% used [0x00000000e0000000,0x00000000e0000000,0x00000000f3b00000)
  from space 31744K, 99% used [0x00000000f6900000,0x00000000f87fd008,0x00000000f8800000)
  to   space 47104K, 0% used [0x00000000f3b00000,0x00000000f3b00000,0x00000000f6900000)
 ParOldGen       total 110080K, used 90605K [0x00000000a0000000, 0x00000000a6b80000, 0x00000000e0000000)
  object space 110080K, 82% used [0x00000000a0000000,0x00000000a587b410,0x00000000a6b80000)
 Metaspace       used 75878K, capacity 79518K, committed 79616K, reserved 1118208K
  class space    used 9976K, capacity 10734K, committed 10752K, reserved 1048576K

